<?xml version="1.0" encoding="UTF-8"?>
<!-- Generated by org.testng.reporters.JUnitReportReporter -->
<testsuite skipped="0" hostname="DESKTOP-I302L0I" name="com.crm.qa.TestCases.HomePageTest" tests="3" failures="0" timestamp="11 Jul 2020 10:19:59 GMT" time="58.241" errors="0">
  <testcase name="verifyHomePageTitleTest" time="18.036" classname="com.crm.qa.TestCases.HomePageTest"/>
  <testcase name="verifyUserNameTest" time="20.232" classname="com.crm.qa.TestCases.HomePageTest"/>
  <testcase name="verifyContactsLinkTest" time="19.973" classname="com.crm.qa.TestCases.HomePageTest"/>
</testsuite> <!-- com.crm.qa.TestCases.HomePageTest -->
