<?xml version="1.0" encoding="UTF-8"?>
<!-- Generated by org.testng.reporters.JUnitReportReporter -->
<testsuite skipped="0" hostname="DESKTOP-I302L0I" name="com.crm.qa.TestCases.LoginPageTest" tests="3" failures="0" timestamp="11 Jul 2020 10:19:59 GMT" time="46.064" errors="0">
  <testcase name="loginPageTitleTest" time="11.948" classname="com.crm.qa.TestCases.LoginPageTest"/>
  <testcase name="crmLogoImageTest" time="17.265" classname="com.crm.qa.TestCases.LoginPageTest"/>
  <testcase name="loginTest" time="16.851" classname="com.crm.qa.TestCases.LoginPageTest"/>
</testsuite> <!-- com.crm.qa.TestCases.LoginPageTest -->
