<?xml version="1.0" encoding="UTF-8"?>
<!-- Generated by org.testng.reporters.JUnitReportReporter -->
<testsuite skipped="0" hostname="DESKTOP-I302L0I" name="com.crm.qa.TestCases.ContactsPageTest" tests="3" failures="0" timestamp="11 Jul 2020 10:19:59 GMT" time="72.710" errors="0">
  <testcase name="validateCreatenewContact" time="24.925" classname="com.crm.qa.TestCases.ContactsPageTest"/>
  <testcase name="validateCreatenewContact" time="24.198" classname="com.crm.qa.TestCases.ContactsPageTest"/>
  <testcase name="validateCreatenewContact" time="23.587" classname="com.crm.qa.TestCases.ContactsPageTest"/>
</testsuite> <!-- com.crm.qa.TestCases.ContactsPageTest -->
